 Volume "real-time_kafka1"  Creating
 Volume "real-time_kafka1"  Created
 Container zoo1  Creating
 Container spark-master-rt  Creating
 Container spark-master-rt  Created
 Container spark-worker1-rt  Creating
 Container zoo1  Created
 Container kafka1  Creating
 Container spark-worker1-rt  Created
 Container kafka1  Created
 Container kafka_producer_1  Creating
 Container kafka_producer_1  Created
 Container zoo1  Starting
 Container spark-master-rt  Starting
 Container zoo1  Started
 Container kafka1  Starting
 Container spark-master-rt  Started
 Container spark-worker1-rt  Starting
 Container kafka1  Started
 Container kafka_producer_1  Starting
 Container spark-worker1-rt  Started
 Container kafka_producer_1  Started
